<?xml version="1.0" encoding="UTF-8"?>
<testng-results skipped="2" failed="0" total="2" passed="0">
  <reporter-output>
  </reporter-output>
  <suite name="Default suite" duration-ms="112" started-at="2019-07-09T20:39:16Z" finished-at="2019-07-09T20:39:16Z">
    <groups>
    </groups>
    <test name="Default test" duration-ms="112" started-at="2019-07-09T20:39:16Z" finished-at="2019-07-09T20:39:16Z">
      <class name="com.amazon.qa.testcases.LoginTestcase">
        <test-method status="FAIL" signature="setup()[pri:0, instance:com.amazon.qa.testcases.LoginTestcase@6d00a15d]" name="setup" is-config="true" duration-ms="0" started-at="2019-07-10T02:09:16Z" finished-at="2019-07-10T02:09:16Z">
          <exception class="java.lang.NullPointerException">
            <full-stacktrace>
              <![CDATA[java.lang.NullPointerException
	at com.amazon.qa.base.TsetCasebase.initialize(TsetCasebase.java:53)
	at com.amazon.qa.testcases.LoginTestcase.setup(LoginTestcase.java:20)
	at sun.reflect.NativeMethodAccessorImpl.invoke0(Native Method)
	at sun.reflect.NativeMethodAccessorImpl.invoke(Unknown Source)
	at sun.reflect.DelegatingMethodAccessorImpl.invoke(Unknown Source)
	at java.lang.reflect.Method.invoke(Unknown Source)
	at org.testng.internal.MethodInvocationHelper.invokeMethod(MethodInvocationHelper.java:80)
	at org.testng.internal.Invoker.invokeConfigurationMethod(Invoker.java:564)
	at org.testng.internal.Invoker.invokeConfigurations(Invoker.java:213)
	at org.testng.internal.Invoker.invokeMethod(Invoker.java:653)
	at org.testng.internal.Invoker.invokeTestMethod(Invoker.java:901)
	at org.testng.internal.Invoker.invokeTestMethods(Invoker.java:1231)
	at org.testng.internal.TestMethodWorker.invokeTestMethods(TestMethodWorker.java:127)
	at org.testng.internal.TestMethodWorker.run(TestMethodWorker.java:111)
	at org.testng.TestRunner.privateRun(TestRunner.java:767)
	at org.testng.TestRunner.run(TestRunner.java:617)
	at org.testng.SuiteRunner.runTest(SuiteRunner.java:334)
	at org.testng.SuiteRunner.runSequentially(SuiteRunner.java:329)
	at org.testng.SuiteRunner.privateRun(SuiteRunner.java:291)
	at org.testng.SuiteRunner.run(SuiteRunner.java:240)
	at org.testng.SuiteRunnerWorker.runSuite(SuiteRunnerWorker.java:52)
	at org.testng.SuiteRunnerWorker.run(SuiteRunnerWorker.java:86)
	at org.testng.TestNG.runSuitesSequentially(TestNG.java:1198)
	at org.testng.TestNG.runSuitesLocally(TestNG.java:1123)
	at org.testng.TestNG.run(TestNG.java:1031)
	at org.testng.remote.AbstractRemoteTestNG.run(AbstractRemoteTestNG.java:114)
	at org.testng.remote.RemoteTestNG.initAndRun(RemoteTestNG.java:251)
	at org.testng.remote.RemoteTestNG.main(RemoteTestNG.java:77)
]]>
            </full-stacktrace>
          </exception> <!-- java.lang.NullPointerException -->
          <reporter-output>
          </reporter-output>
        </test-method> <!-- setup -->
        <test-method status="SKIP" signature="Logintest()[pri:0, instance:com.amazon.qa.testcases.LoginTestcase@6d00a15d]" name="Logintest" duration-ms="5" started-at="2019-07-10T02:09:16Z" finished-at="2019-07-10T02:09:16Z">
          <reporter-output>
          </reporter-output>
        </test-method> <!-- Logintest -->
        <test-method status="SKIP" signature="teardown()[pri:0, instance:com.amazon.qa.testcases.LoginTestcase@6d00a15d]" name="teardown" is-config="true" duration-ms="0" started-at="2019-07-10T02:09:16Z" finished-at="2019-07-10T02:09:16Z">
          <reporter-output>
          </reporter-output>
        </test-method> <!-- teardown -->
        <test-method status="SKIP" signature="setup()[pri:0, instance:com.amazon.qa.testcases.LoginTestcase@6d00a15d]" name="setup" is-config="true" duration-ms="0" started-at="2019-07-10T02:09:16Z" finished-at="2019-07-10T02:09:16Z">
          <reporter-output>
          </reporter-output>
        </test-method> <!-- setup -->
        <test-method status="SKIP" signature="loginpageTitleTest()[pri:0, instance:com.amazon.qa.testcases.LoginTestcase@6d00a15d]" name="loginpageTitleTest" duration-ms="4" started-at="2019-07-10T02:09:16Z" finished-at="2019-07-10T02:09:16Z">
          <reporter-output>
          </reporter-output>
        </test-method> <!-- loginpageTitleTest -->
        <test-method status="SKIP" signature="teardown()[pri:0, instance:com.amazon.qa.testcases.LoginTestcase@6d00a15d]" name="teardown" is-config="true" duration-ms="0" started-at="2019-07-10T02:09:16Z" finished-at="2019-07-10T02:09:16Z">
          <reporter-output>
          </reporter-output>
        </test-method> <!-- teardown -->
      </class> <!-- com.amazon.qa.testcases.LoginTestcase -->
    </test> <!-- Default test -->
  </suite> <!-- Default suite -->
</testng-results>
